<?xml version="1.0" encoding="UTF-8"?>
<testsuite xmlns:xsi="http://www.w3.org/2001/XMLSchema-instance" xsi:noNamespaceSchemaLocation="https://maven.apache.org/surefire/maven-surefire-plugin/xsd/surefire-test-report.xsd" name="MemberSkuTest" time="0.06" tests="1" errors="0" skipped="0" failures="0">
  <properties>
    <property name="gopherProxySet" value="false"/>
    <property name="awt.toolkit" value="sun.lwawt.macosx.LWCToolkit"/>
    <property name="file.encoding.pkg" value="sun.io"/>
    <property name="java.specification.version" value="1.8"/>
    <property name="sun.cpu.isalist" value=""/>
    <property name="sun.jnu.encoding" value="UTF-8"/>
    <property name="java.class.path" value="/Users/yuhaiqiang/dev/fenbi/memberclub/memberclub.infrastructure/target/test-classes:/Users/yuhaiqiang/dev/fenbi/memberclub/memberclub.infrastructure/target/classes:/Users/yuhaiqiang/dev/fenbi/memberclub/memberclub.domain/target/memberclub.domain-1.0.0-SNAPSHOT.jar:/Users/yuhaiqiang/dev/fenbi/memberclub/memberclub.common/target/memberclub.common-1.0.0-SNAPSHOT.jar:/Users/yuhaiqiang/.m2/repository/org/springframework/boot/spring-boot-starter/2.1.6.RELEASE/spring-boot-starter-2.1.6.RELEASE.jar:/Users/yuhaiqiang/.m2/repository/org/springframework/boot/spring-boot/2.1.6.RELEASE/spring-boot-2.1.6.RELEASE.jar:/Users/yuhaiqiang/.m2/repository/org/springframework/spring-context/5.1.8.RELEASE/spring-context-5.1.8.RELEASE.jar:/Users/yuhaiqiang/.m2/repository/org/springframework/spring-aop/5.1.8.RELEASE/spring-aop-5.1.8.RELEASE.jar:/Users/yuhaiqiang/.m2/repository/org/springframework/spring-expression/5.1.8.RELEASE/spring-expression-5.1.8.RELEASE.jar:/Users/yuhaiqiang/.m2/repository/org/springframework/boot/spring-boot-starter-logging/2.1.6.RELEASE/spring-boot-starter-logging-2.1.6.RELEASE.jar:/Users/yuhaiqiang/.m2/repository/ch/qos/logback/logback-classic/1.2.3/logback-classic-1.2.3.jar:/Users/yuhaiqiang/.m2/repository/ch/qos/logback/logback-core/1.2.3/logback-core-1.2.3.jar:/Users/yuhaiqiang/.m2/repository/org/apache/logging/log4j/log4j-to-slf4j/2.11.2/log4j-to-slf4j-2.11.2.jar:/Users/yuhaiqiang/.m2/repository/org/apache/logging/log4j/log4j-api/2.11.2/log4j-api-2.11.2.jar:/Users/yuhaiqiang/.m2/repository/org/slf4j/jul-to-slf4j/1.7.26/jul-to-slf4j-1.7.26.jar:/Users/yuhaiqiang/.m2/repository/javax/annotation/javax.annotation-api/1.3.2/javax.annotation-api-1.3.2.jar:/Users/yuhaiqiang/.m2/repository/org/springframework/spring-core/5.1.8.RELEASE/spring-core-5.1.8.RELEASE.jar:/Users/yuhaiqiang/.m2/repository/org/springframework/spring-jcl/5.1.8.RELEASE/spring-jcl-5.1.8.RELEASE.jar:/Users/yuhaiqiang/.m2/repository/org/yaml/snakeyaml/1.23/snakeyaml-1.23.jar:/Users/yuhaiqiang/dev/fenbi/memberclub/memberclub.util/target/memberclub.util-1.0.0-SNAPSHOT.jar:/Users/yuhaiqiang/.m2/repository/org/apache/commons/commons-lang3/3.12.0/commons-lang3-3.12.0.jar:/Users/yuhaiqiang/.m2/repository/org/apache/commons/commons-text/1.9/commons-text-1.9.jar:/Users/yuhaiqiang/.m2/repository/org/apache/commons/commons-math3/3.6.1/commons-math3-3.6.1.jar:/Users/yuhaiqiang/.m2/repository/joda-time/joda-time/2.10.10/joda-time-2.10.10.jar:/Users/yuhaiqiang/.m2/repository/com/google/code/gson/gson/2.8.5/gson-2.8.5.jar:/Users/yuhaiqiang/.m2/repository/com/baomidou/mybatis-plus-boot-starter/3.5.1/mybatis-plus-boot-starter-3.5.1.jar:/Users/yuhaiqiang/.m2/repository/com/baomidou/mybatis-plus/3.5.1/mybatis-plus-3.5.1.jar:/Users/yuhaiqiang/.m2/repository/com/baomidou/mybatis-plus-extension/3.5.1/mybatis-plus-extension-3.5.1.jar:/Users/yuhaiqiang/.m2/repository/com/baomidou/mybatis-plus-core/3.5.1/mybatis-plus-core-3.5.1.jar:/Users/yuhaiqiang/.m2/repository/com/baomidou/mybatis-plus-annotation/3.5.1/mybatis-plus-annotation-3.5.1.jar:/Users/yuhaiqiang/.m2/repository/com/github/jsqlparser/jsqlparser/4.3/jsqlparser-4.3.jar:/Users/yuhaiqiang/.m2/repository/org/mybatis/mybatis/3.5.9/mybatis-3.5.9.jar:/Users/yuhaiqiang/.m2/repository/org/mybatis/mybatis-spring/2.0.6/mybatis-spring-2.0.6.jar:/Users/yuhaiqiang/.m2/repository/org/springframework/boot/spring-boot-autoconfigure/2.1.6.RELEASE/spring-boot-autoconfigure-2.1.6.RELEASE.jar:/Users/yuhaiqiang/.m2/repository/org/springframework/boot/spring-boot-starter-jdbc/2.1.6.RELEASE/spring-boot-starter-jdbc-2.1.6.RELEASE.jar:/Users/yuhaiqiang/.m2/repository/com/zaxxer/HikariCP/3.2.0/HikariCP-3.2.0.jar:/Users/yuhaiqiang/.m2/repository/org/slf4j/slf4j-api/1.7.26/slf4j-api-1.7.26.jar:/Users/yuhaiqiang/.m2/repository/org/springframework/spring-jdbc/5.1.8.RELEASE/spring-jdbc-5.1.8.RELEASE.jar:/Users/yuhaiqiang/.m2/repository/org/springframework/spring-beans/5.1.8.RELEASE/spring-beans-5.1.8.RELEASE.jar:/Users/yuhaiqiang/.m2/repository/org/springframework/spring-tx/5.1.8.RELEASE/spring-tx-5.1.8.RELEASE.jar:/Users/yuhaiqiang/.m2/repository/com/baomidou/mybatis-plus-generator/3.5.1/mybatis-plus-generator-3.5.1.jar:/Users/yuhaiqiang/.m2/repository/org/projectlombok/lombok/1.18.12/lombok-1.18.12.jar:/Users/yuhaiqiang/.m2/repository/org/mapstruct/mapstruct/1.4.0.Beta3/mapstruct-1.4.0.Beta3.jar:/Users/yuhaiqiang/.m2/repository/org/mapstruct/mapstruct-processor/1.4.0.Beta3/mapstruct-processor-1.4.0.Beta3.jar:/Users/yuhaiqiang/.m2/repository/junit/junit/4.12/junit-4.12.jar:/Users/yuhaiqiang/.m2/repository/org/hamcrest/hamcrest-core/1.3/hamcrest-core-1.3.jar:"/>
    <property name="java.vm.vendor" value="Oracle Corporation"/>
    <property name="sun.arch.data.model" value="64"/>
    <property name="java.vendor.url" value="http://java.oracle.com/"/>
    <property name="user.timezone" value=""/>
    <property name="java.vm.specification.version" value="1.8"/>
    <property name="os.name" value="Mac OS X"/>
    <property name="user.country" value="CN"/>
    <property name="sun.java.launcher" value="SUN_STANDARD"/>
    <property name="sun.boot.library.path" value="/Library/Java/JavaVirtualMachines/jdk1.8.0_212.jdk/Contents/Home/jre/lib"/>
    <property name="sun.java.command" value="/Users/yuhaiqiang/dev/fenbi/memberclub/memberclub.infrastructure/target/surefire/surefirebooter4034904403386664164.jar /Users/yuhaiqiang/dev/fenbi/memberclub/memberclub.infrastructure/target/surefire 2024-12-14T18-54-13_078-jvmRun1 surefire8059520593811370103tmp surefire_14807866404783504499tmp"/>
    <property name="surefire.test.class.path" value="/Users/yuhaiqiang/dev/fenbi/memberclub/memberclub.infrastructure/target/test-classes:/Users/yuhaiqiang/dev/fenbi/memberclub/memberclub.infrastructure/target/classes:/Users/yuhaiqiang/dev/fenbi/memberclub/memberclub.domain/target/memberclub.domain-1.0.0-SNAPSHOT.jar:/Users/yuhaiqiang/dev/fenbi/memberclub/memberclub.common/target/memberclub.common-1.0.0-SNAPSHOT.jar:/Users/yuhaiqiang/.m2/repository/org/springframework/boot/spring-boot-starter/2.1.6.RELEASE/spring-boot-starter-2.1.6.RELEASE.jar:/Users/yuhaiqiang/.m2/repository/org/springframework/boot/spring-boot/2.1.6.RELEASE/spring-boot-2.1.6.RELEASE.jar:/Users/yuhaiqiang/.m2/repository/org/springframework/spring-context/5.1.8.RELEASE/spring-context-5.1.8.RELEASE.jar:/Users/yuhaiqiang/.m2/repository/org/springframework/spring-aop/5.1.8.RELEASE/spring-aop-5.1.8.RELEASE.jar:/Users/yuhaiqiang/.m2/repository/org/springframework/spring-expression/5.1.8.RELEASE/spring-expression-5.1.8.RELEASE.jar:/Users/yuhaiqiang/.m2/repository/org/springframework/boot/spring-boot-starter-logging/2.1.6.RELEASE/spring-boot-starter-logging-2.1.6.RELEASE.jar:/Users/yuhaiqiang/.m2/repository/ch/qos/logback/logback-classic/1.2.3/logback-classic-1.2.3.jar:/Users/yuhaiqiang/.m2/repository/ch/qos/logback/logback-core/1.2.3/logback-core-1.2.3.jar:/Users/yuhaiqiang/.m2/repository/org/apache/logging/log4j/log4j-to-slf4j/2.11.2/log4j-to-slf4j-2.11.2.jar:/Users/yuhaiqiang/.m2/repository/org/apache/logging/log4j/log4j-api/2.11.2/log4j-api-2.11.2.jar:/Users/yuhaiqiang/.m2/repository/org/slf4j/jul-to-slf4j/1.7.26/jul-to-slf4j-1.7.26.jar:/Users/yuhaiqiang/.m2/repository/javax/annotation/javax.annotation-api/1.3.2/javax.annotation-api-1.3.2.jar:/Users/yuhaiqiang/.m2/repository/org/springframework/spring-core/5.1.8.RELEASE/spring-core-5.1.8.RELEASE.jar:/Users/yuhaiqiang/.m2/repository/org/springframework/spring-jcl/5.1.8.RELEASE/spring-jcl-5.1.8.RELEASE.jar:/Users/yuhaiqiang/.m2/repository/org/yaml/snakeyaml/1.23/snakeyaml-1.23.jar:/Users/yuhaiqiang/dev/fenbi/memberclub/memberclub.util/target/memberclub.util-1.0.0-SNAPSHOT.jar:/Users/yuhaiqiang/.m2/repository/org/apache/commons/commons-lang3/3.12.0/commons-lang3-3.12.0.jar:/Users/yuhaiqiang/.m2/repository/org/apache/commons/commons-text/1.9/commons-text-1.9.jar:/Users/yuhaiqiang/.m2/repository/org/apache/commons/commons-math3/3.6.1/commons-math3-3.6.1.jar:/Users/yuhaiqiang/.m2/repository/joda-time/joda-time/2.10.10/joda-time-2.10.10.jar:/Users/yuhaiqiang/.m2/repository/com/google/code/gson/gson/2.8.5/gson-2.8.5.jar:/Users/yuhaiqiang/.m2/repository/com/baomidou/mybatis-plus-boot-starter/3.5.1/mybatis-plus-boot-starter-3.5.1.jar:/Users/yuhaiqiang/.m2/repository/com/baomidou/mybatis-plus/3.5.1/mybatis-plus-3.5.1.jar:/Users/yuhaiqiang/.m2/repository/com/baomidou/mybatis-plus-extension/3.5.1/mybatis-plus-extension-3.5.1.jar:/Users/yuhaiqiang/.m2/repository/com/baomidou/mybatis-plus-core/3.5.1/mybatis-plus-core-3.5.1.jar:/Users/yuhaiqiang/.m2/repository/com/baomidou/mybatis-plus-annotation/3.5.1/mybatis-plus-annotation-3.5.1.jar:/Users/yuhaiqiang/.m2/repository/com/github/jsqlparser/jsqlparser/4.3/jsqlparser-4.3.jar:/Users/yuhaiqiang/.m2/repository/org/mybatis/mybatis/3.5.9/mybatis-3.5.9.jar:/Users/yuhaiqiang/.m2/repository/org/mybatis/mybatis-spring/2.0.6/mybatis-spring-2.0.6.jar:/Users/yuhaiqiang/.m2/repository/org/springframework/boot/spring-boot-autoconfigure/2.1.6.RELEASE/spring-boot-autoconfigure-2.1.6.RELEASE.jar:/Users/yuhaiqiang/.m2/repository/org/springframework/boot/spring-boot-starter-jdbc/2.1.6.RELEASE/spring-boot-starter-jdbc-2.1.6.RELEASE.jar:/Users/yuhaiqiang/.m2/repository/com/zaxxer/HikariCP/3.2.0/HikariCP-3.2.0.jar:/Users/yuhaiqiang/.m2/repository/org/slf4j/slf4j-api/1.7.26/slf4j-api-1.7.26.jar:/Users/yuhaiqiang/.m2/repository/org/springframework/spring-jdbc/5.1.8.RELEASE/spring-jdbc-5.1.8.RELEASE.jar:/Users/yuhaiqiang/.m2/repository/org/springframework/spring-beans/5.1.8.RELEASE/spring-beans-5.1.8.RELEASE.jar:/Users/yuhaiqiang/.m2/repository/org/springframework/spring-tx/5.1.8.RELEASE/spring-tx-5.1.8.RELEASE.jar:/Users/yuhaiqiang/.m2/repository/com/baomidou/mybatis-plus-generator/3.5.1/mybatis-plus-generator-3.5.1.jar:/Users/yuhaiqiang/.m2/repository/org/projectlombok/lombok/1.18.12/lombok-1.18.12.jar:/Users/yuhaiqiang/.m2/repository/org/mapstruct/mapstruct/1.4.0.Beta3/mapstruct-1.4.0.Beta3.jar:/Users/yuhaiqiang/.m2/repository/org/mapstruct/mapstruct-processor/1.4.0.Beta3/mapstruct-processor-1.4.0.Beta3.jar:/Users/yuhaiqiang/.m2/repository/junit/junit/4.12/junit-4.12.jar:/Users/yuhaiqiang/.m2/repository/org/hamcrest/hamcrest-core/1.3/hamcrest-core-1.3.jar:"/>
    <property name="sun.cpu.endian" value="little"/>
    <property name="user.home" value="/Users/yuhaiqiang"/>
    <property name="user.language" value="zh"/>
    <property name="java.specification.vendor" value="Oracle Corporation"/>
    <property name="java.home" value="/Library/Java/JavaVirtualMachines/jdk1.8.0_212.jdk/Contents/Home/jre"/>
    <property name="basedir" value="/Users/yuhaiqiang/dev/fenbi/memberclub/memberclub.infrastructure"/>
    <property name="file.separator" value="/"/>
    <property name="line.separator" value="&#10;"/>
    <property name="java.vm.specification.vendor" value="Oracle Corporation"/>
    <property name="java.specification.name" value="Java Platform API Specification"/>
    <property name="java.awt.graphicsenv" value="sun.awt.CGraphicsEnvironment"/>
    <property name="surefire.real.class.path" value="/Users/yuhaiqiang/dev/fenbi/memberclub/memberclub.infrastructure/target/surefire/surefirebooter4034904403386664164.jar"/>
    <property name="sun.boot.class.path" value="/Library/Java/JavaVirtualMachines/jdk1.8.0_212.jdk/Contents/Home/jre/lib/resources.jar:/Library/Java/JavaVirtualMachines/jdk1.8.0_212.jdk/Contents/Home/jre/lib/rt.jar:/Library/Java/JavaVirtualMachines/jdk1.8.0_212.jdk/Contents/Home/jre/lib/sunrsasign.jar:/Library/Java/JavaVirtualMachines/jdk1.8.0_212.jdk/Contents/Home/jre/lib/jsse.jar:/Library/Java/JavaVirtualMachines/jdk1.8.0_212.jdk/Contents/Home/jre/lib/jce.jar:/Library/Java/JavaVirtualMachines/jdk1.8.0_212.jdk/Contents/Home/jre/lib/charsets.jar:/Library/Java/JavaVirtualMachines/jdk1.8.0_212.jdk/Contents/Home/jre/lib/jfr.jar:/Library/Java/JavaVirtualMachines/jdk1.8.0_212.jdk/Contents/Home/jre/classes"/>
    <property name="sun.management.compiler" value="HotSpot 64-Bit Tiered Compilers"/>
    <property name="java.runtime.version" value="1.8.0_212-b10"/>
    <property name="user.name" value="yuhaiqiang"/>
    <property name="path.separator" value=":"/>
    <property name="os.version" value="10.13.3"/>
    <property name="java.endorsed.dirs" value="/Library/Java/JavaVirtualMachines/jdk1.8.0_212.jdk/Contents/Home/jre/lib/endorsed"/>
    <property name="java.runtime.name" value="Java(TM) SE Runtime Environment"/>
    <property name="file.encoding" value="UTF-8"/>
    <property name="java.vm.name" value="Java HotSpot(TM) 64-Bit Server VM"/>
    <property name="localRepository" value="/Users/yuhaiqiang/.m2/repository"/>
    <property name="java.vendor.url.bug" value="http://bugreport.sun.com/bugreport/"/>
    <property name="java.io.tmpdir" value="/var/folders/lr/dztw48gs78b_nkfcgpwmy9340000gn/T/"/>
    <property name="java.version" value="1.8.0_212"/>
    <property name="user.dir" value="/Users/yuhaiqiang/dev/fenbi/memberclub/memberclub.infrastructure"/>
    <property name="os.arch" value="x86_64"/>
    <property name="java.vm.specification.name" value="Java Virtual Machine Specification"/>
    <property name="java.awt.printerjob" value="sun.lwawt.macosx.CPrinterJob"/>
    <property name="sun.os.patch.level" value="unknown"/>
    <property name="java.library.path" value="/Users/yuhaiqiang/Library/Java/Extensions:/Library/Java/Extensions:/Network/Library/Java/Extensions:/System/Library/Java/Extensions:/usr/lib/java:."/>
    <property name="java.vm.info" value="mixed mode"/>
    <property name="java.vendor" value="Oracle Corporation"/>
    <property name="java.vm.version" value="25.212-b10"/>
    <property name="java.ext.dirs" value="/Users/yuhaiqiang/Library/Java/Extensions:/Library/Java/JavaVirtualMachines/jdk1.8.0_212.jdk/Contents/Home/jre/lib/ext:/Library/Java/Extensions:/Network/Library/Java/Extensions:/System/Library/Java/Extensions:/usr/lib/java"/>
    <property name="sun.io.unicode.encoding" value="UnicodeBig"/>
    <property name="java.class.version" value="52.0"/>
  </properties>
  <testcase name="testMapper" classname="MemberSkuTest" time="0.004"/>
</testsuite>